GSKMT/build/outputs/logs/manifest-merger-release-report.txt
-- Merging decision tree log ---
provider#android.support.v4.content.FileProvider
INJECTED from src\main\AndroidManifest.xml:232:9-240:20
	android:grantUriPermissions
		ADDED from src\main\AndroidManifest.xml:236:13-47
	android:authorities
		INJECTED from src\main\AndroidManifest.xml
		ADDED from src\main\AndroidManifest.xml:234:13-64
	android:exported
		ADDED from src\main\AndroidManifest.xml:235:13-37
	android:name
		ADDED from src\main\AndroidManifest.xml:233:13-67
manifest
ADDED from src\main\AndroidManifest.xml:2:1-248:12
INJECTED from src\main\AndroidManifest.xml:2:1-248:12
INJECTED from src\main\AndroidManifest.xml:2:1-248:12
INJECTED from src\main\AndroidManifest.xml:2:1-248:12
MERGED from [com.crashlytics.sdk.android:crashlytics:2.10.1] AndroidManifest.xml:2:1-26:12
MERGED from [com.android.support.constraint:constraint-layout:1.1.3] AndroidManifest.xml:2:1-11:12
MERGED from [com.google.firebase:firebase-core:16.0.5] AndroidManifest.xml:2:1-9:12
MERGED from [com.android.support:design:28.0.0] AndroidManifest.xml:17:1-24:12
MERGED from [com.android.support:appcompat-v7:28.0.0] AndroidManifest.xml:17:1-22:12
MERGED from [com.android.support:cardview-v7:28.0.0] AndroidManifest.xml:17:1-22:12
MERGED from [com.android.support:recyclerview-v7:28.0.0] AndroidManifest.xml:17:1-22:12
MERGED from [com.github.clans:fab:1.6.2] AndroidManifest.xml:2:1-14:12
MERGED from [com.google.android.gms:play-services-location:16.0.0] AndroidManifest.xml:2:1-9:12
MERGED from [com.google.android.gms:play-services-maps:16.0.0] AndroidManifest.xml:17:1-32:12
MERGED from [:annca] AndroidManifest.xml:2:1-18:12
MERGED from [com.crashlytics.sdk.android:crashlytics-core:2.7.0] AndroidManifest.xml:45:1-56:12
MERGED from [com.crashlytics.sdk.android:beta:1.2.10] AndroidManifest.xml:2:1-13:12
MERGED from [com.crashlytics.sdk.android:answers:1.4.7] AndroidManifest.xml:2:1-13:12
MERGED from [io.fabric.sdk.android:fabric:1.4.8] AndroidManifest.xml:22:1-33:12
MERGED from [com.google.firebase:firebase-measurement-connector-impl:17.0.3] AndroidManifest.xml:17:1-34:12
MERGED from [com.google.firebase:firebase-analytics:16.0.5] AndroidManifest.xml:17:1-55:12
MERGED from [com.google.android.gms:play-services-measurement-api:16.0.3] AndroidManifest.xml:17:1-25:12
MERGED from [com.google.firebase:firebase-analytics-impl:16.2.3] AndroidManifest.xml:17:1-40:12
MERGED from [com.google.firebase:firebase-iid:17.0.3] AndroidManifest.xml:17:1-59:12
MERGED from [com.google.firebase:firebase-iid-interop:16.0.1] AndroidManifest.xml:2:1-10:12
MERGED from [com.google.android.gms:play-services-base:16.0.1] AndroidManifest.xml:17:1-29:12
MERGED from [com.google.android.gms:play-services-places-placereport:16.0.0] AndroidManifest.xml:17:1-24:12
MERGED from [com.google.firebase:firebase-common:16.0.3] AndroidManifest.xml:2:1-17:12
MERGED from [com.google.android.gms:play-services-tasks:16.0.1] AndroidManifest.xml:2:1-9:12
MERGED from [com.google.android.gms:play-services-measurement-base:16.0.4] AndroidManifest.xml:2:1-9:12
MERGED from [com.google.android.gms:play-services-stats:16.0.1] AndroidManifest.xml:2:1-9:12
MERGED from [com.google.firebase:firebase-measurement-connector:17.0.1] AndroidManifest.xml:17:1-25:12
MERGED from [com.google.android.gms:play-services-ads-identifier:16.0.0] AndroidManifest.xml:17:1-24:12
MERGED from [com.google.android.gms:play-services-basement:16.0.1] AndroidManifest.xml:17:1-28:12
MERGED from [com.android.support:support-v4:26.1.0] AndroidManifest.xml:17:1-31:12
MERGED from [com.android.support:support-fragment:28.0.0] AndroidManifest.xml:17:1-22:12
MERGED from [com.android.support:animated-vector-drawable:28.0.0] AndroidManifest.xml:17:1-22:12
MERGED from [com.android.support:support-core-ui:28.0.0] AndroidManifest.xml:17:1-22:12
MERGED from [com.android.support:support-core-utils:28.0.0] AndroidManifest.xml:17:1-22:12
MERGED from [com.android.support:support-vector-drawable:28.0.0] AndroidManifest.xml:17:1-22:12
MERGED from [com.android.support:transition:28.0.0] AndroidManifest.xml:17:1-22:12
MERGED from [com.android.support:loader:28.0.0] AndroidManifest.xml:17:1-22:12
MERGED from [com.android.support:viewpager:28.0.0] AndroidManifest.xml:17:1-22:12
MERGED from [com.android.support:coordinatorlayout:28.0.0] AndroidManifest.xml:17:1-22:12
MERGED from [com.android.support:drawerlayout:28.0.0] AndroidManifest.xml:17:1-22:12
MERGED from [com.android.support:slidingpanelayout:28.0.0] AndroidManifest.xml:17:1-22:12
MERGED from [com.android.support:customview:28.0.0] AndroidManifest.xml:17:1-22:12
MERGED from [com.android.support:swiperefreshlayout:28.0.0] AndroidManifest.xml:17:1-22:12
MERGED from [com.android.support:asynclayoutinflater:28.0.0] AndroidManifest.xml:17:1-22:12
MERGED from [com.android.support:support-media-compat:26.1.0] AndroidManifest.xml:17:1-31:12
MERGED from [com.android.support:support-compat:28.0.0] AndroidManifest.xml:17:1-24:12
MERGED from [com.android.support:versionedparcelable:28.0.0] AndroidManifest.xml:17:1-25:12
MERGED from [com.android.support:cursoradapter:28.0.0] AndroidManifest.xml:17:1-22:12
MERGED from [android.arch.lifecycle:runtime:1.1.1] AndroidManifest.xml:17:1-22:12
MERGED from [com.android.support:documentfile:28.0.0] AndroidManifest.xml:17:1-22:12
MERGED from [com.android.support:localbroadcastmanager:28.0.0] AndroidManifest.xml:17:1-22:12
MERGED from [com.android.support:print:28.0.0] AndroidManifest.xml:17:1-22:12
MERGED from [android.arch.lifecycle:viewmodel:1.1.1] AndroidManifest.xml:17:1-22:12
MERGED from [com.android.support:interpolator:28.0.0] AndroidManifest.xml:17:1-22:12
MERGED from [android.arch.lifecycle:livedata:1.1.1] AndroidManifest.xml:17:1-22:12
MERGED from [android.arch.lifecycle:livedata-core:1.1.1] AndroidManifest.xml:17:1-22:12
MERGED from [android.arch.core:runtime:1.1.1] AndroidManifest.xml:17:1-22:12
INJECTED from src\main\AndroidManifest.xml:2:1-248:12
INJECTED from src\main\AndroidManifest.xml:2:1-248:12
INJECTED from src\main\AndroidManifest.xml:2:1-248:12
	package
		ADDED from src\main\AndroidManifest.xml:3:5-34
		INJECTED from src\main\AndroidManifest.xml
		INJECTED from src\main\AndroidManifest.xml
	android:versionName
		ADDED from src\main\AndroidManifest.xml:5:5-30
		INJECTED from src\main\AndroidManifest.xml
		INJECTED from src\main\AndroidManifest.xml
	xmlns:android
		ADDED from src\main\AndroidManifest.xml:2:11-69
	android:versionCode
		ADDED from src\main\AndroidManifest.xml:4:5-29
		INJECTED from src\main\AndroidManifest.xml
		INJECTED from src\main\AndroidManifest.xml
uses-permission#android.permission.ACCESS_NETWORK_STATE
ADDED from src\main\AndroidManifest.xml:7:5-79
MERGED from [com.google.android.gms:play-services-maps:16.0.0] AndroidManifest.xml:23:5-79
MERGED from [com.google.android.gms:play-services-maps:16.0.0] AndroidManifest.xml:23:5-79
MERGED from [com.google.firebase:firebase-measurement-connector-impl:17.0.3] AndroidManifest.xml:23:5-79
MERGED from [com.google.firebase:firebase-measurement-connector-impl:17.0.3] AndroidManifest.xml:23:5-79
MERGED from [com.google.firebase:firebase-analytics:16.0.5] AndroidManifest.xml:24:5-79
MERGED from [com.google.firebase:firebase-analytics:16.0.5] AndroidManifest.xml:24:5-79
MERGED from [com.google.firebase:firebase-analytics-impl:16.2.3] AndroidManifest.xml:24:5-79
MERGED from [com.google.firebase:firebase-analytics-impl:16.2.3] AndroidManifest.xml:24:5-79
MERGED from [com.google.firebase:firebase-iid:17.0.3] AndroidManifest.xml:22:5-79
MERGED from [com.google.firebase:firebase-iid:17.0.3] AndroidManifest.xml:22:5-79
	android:name
		ADDED from src\main\AndroidManifest.xml:7:22-76
uses-permission#android.permission.ACCESS_COARSE_LOCATION
ADDED from src\main\AndroidManifest.xml:8:5-81
	android:name
		ADDED from src\main\AndroidManifest.xml:8:22-78
uses-permission#android.permission.ACCESS_FINE_LOCATION
ADDED from src\main\AndroidManifest.xml:9:5-79
	android:name
		ADDED from src\main\AndroidManifest.xml:9:22-76
uses-permission#android.permission.INTERNET
ADDED from src\main\AndroidManifest.xml:10:5-67
MERGED from [com.crashlytics.sdk.android:crashlytics:2.10.1] AndroidManifest.xml:16:5-67
MERGED from [com.crashlytics.sdk.android:crashlytics:2.10.1] AndroidManifest.xml:16:5-67
MERGED from [com.google.android.gms:play-services-maps:16.0.0] AndroidManifest.xml:24:5-67
MERGED from [com.google.android.gms:play-services-maps:16.0.0] AndroidManifest.xml:24:5-67
MERGED from [com.crashlytics.sdk.android:crashlytics-core:2.7.0] AndroidManifest.xml:52:5-67
MERGED from [com.crashlytics.sdk.android:crashlytics-core:2.7.0] AndroidManifest.xml:52:5-67
MERGED from [com.crashlytics.sdk.android:beta:1.2.10] AndroidManifest.xml:9:5-67
MERGED from [com.crashlytics.sdk.android:beta:1.2.10] AndroidManifest.xml:9:5-67
MERGED from [com.crashlytics.sdk.android:answers:1.4.7] AndroidManifest.xml:9:5-67
MERGED from [com.crashlytics.sdk.android:answers:1.4.7] AndroidManifest.xml:9:5-67
MERGED from [io.fabric.sdk.android:fabric:1.4.8] AndroidManifest.xml:29:5-67
MERGED from [io.fabric.sdk.android:fabric:1.4.8] AndroidManifest.xml:29:5-67
MERGED from [com.google.firebase:firebase-measurement-connector-impl:17.0.3] AndroidManifest.xml:22:5-67
MERGED from [com.google.firebase:firebase-measurement-connector-impl:17.0.3] AndroidManifest.xml:22:5-67
MERGED from [com.google.firebase:firebase-analytics:16.0.5] AndroidManifest.xml:23:5-67
MERGED from [com.google.firebase:firebase-analytics:16.0.5] AndroidManifest.xml:23:5-67
MERGED from [com.google.firebase:firebase-analytics-impl:16.2.3] AndroidManifest.xml:23:5-67
MERGED from [com.google.firebase:firebase-analytics-impl:16.2.3] AndroidManifest.xml:23:5-67
MERGED from [com.google.firebase:firebase-iid:17.0.3] AndroidManifest.xml:23:5-67
MERGED from [com.google.firebase:firebase-iid:17.0.3] AndroidManifest.xml:23:5-67
	android:name
		ADDED from src\main\AndroidManifest.xml:10:22-64
uses-permission#android.permission.WRITE_EXTERNAL_STORAGE
ADDED from src\main\AndroidManifest.xml:11:5-81
	android:name
		ADDED from src\main\AndroidManifest.xml:11:22-78
uses-permission#android.permission.WRITE_SYNC_SETTINGS
ADDED from src\main\AndroidManifest.xml:12:5-78
	android:name
		ADDED from src\main\AndroidManifest.xml:12:22-75
uses-permission#android.permission.WAKE_LOCK
ADDED from src\main\AndroidManifest.xml:13:5-68
MERGED from [com.google.firebase:firebase-measurement-connector-impl:17.0.3] AndroidManifest.xml:24:5-68
MERGED from [com.google.firebase:firebase-measurement-connector-impl:17.0.3] AndroidManifest.xml:24:5-68
MERGED from [com.google.firebase:firebase-analytics:16.0.5] AndroidManifest.xml:25:5-68
MERGED from [com.google.firebase:firebase-analytics:16.0.5] AndroidManifest.xml:25:5-68
MERGED from [com.google.firebase:firebase-analytics-impl:16.2.3] AndroidManifest.xml:25:5-68
MERGED from [com.google.firebase:firebase-analytics-impl:16.2.3] AndroidManifest.xml:25:5-68
MERGED from [com.google.firebase:firebase-iid:17.0.3] AndroidManifest.xml:24:5-68
MERGED from [com.google.firebase:firebase-iid:17.0.3] AndroidManifest.xml:24:5-68
	android:name
		ADDED from src\main\AndroidManifest.xml:13:22-65
uses-permission#android.permission.READ_EXTERNAL_STORAGE
ADDED from src\main\AndroidManifest.xml:14:5-80
	android:name
		ADDED from src\main\AndroidManifest.xml:14:22-77
uses-feature#android.hardware.camera
ADDED from src\main\AndroidManifest.xml:15:5-60
	android:name
		ADDED from src\main\AndroidManifest.xml:15:19-57
uses-permission#android.permission.REQUEST_INSTALL_PACKAGES
ADDED from src\main\AndroidManifest.xml:16:5-83
	android:name
		ADDED from src\main\AndroidManifest.xml:16:22-80
uses-permission#android.permission.CAMERA
ADDED from src\main\AndroidManifest.xml:17:5-65
MERGED from [:annca] AndroidManifest.xml:11:5-65
MERGED from [:annca] AndroidManifest.xml:11:5-65
	android:name
		ADDED from src\main\AndroidManifest.xml:17:22-62
uses-permission#android.hardware.camera.autofocus
ADDED from src\main\AndroidManifest.xml:18:5-73
	android:name
		ADDED from src\main\AndroidManifest.xml:18:22-70
supports-screens
ADDED from src\main\AndroidManifest.xml:20:5-22:39
	android:largeScreens
		ADDED from src\main\AndroidManifest.xml:22:9-36
	android:anyDensity
		ADDED from src\main\AndroidManifest.xml:21:9-34
application
ADDED from src\main\AndroidManifest.xml:24:5-246:19
MERGED from [com.crashlytics.sdk.android:crashlytics:2.10.1] AndroidManifest.xml:18:5-24:19
MERGED from [com.crashlytics.sdk.android:crashlytics:2.10.1] AndroidManifest.xml:18:5-24:19
MERGED from [com.android.support.constraint:constraint-layout:1.1.3] AndroidManifest.xml:9:5-20
MERGED from [com.android.support.constraint:constraint-layout:1.1.3] AndroidManifest.xml:9:5-20
MERGED from [com.google.firebase:firebase-core:16.0.5] AndroidManifest.xml:7:5-20
MERGED from [com.google.firebase:firebase-core:16.0.5] AndroidManifest.xml:7:5-20
MERGED from [com.android.support:design:28.0.0] AndroidManifest.xml:22:5-20
MERGED from [com.android.support:design:28.0.0] AndroidManifest.xml:22:5-20
MERGED from [com.github.clans:fab:1.6.2] AndroidManifest.xml:12:5-20
MERGED from [com.github.clans:fab:1.6.2] AndroidManifest.xml:12:5-20
MERGED from [com.google.android.gms:play-services-location:16.0.0] AndroidManifest.xml:7:5-20
MERGED from [com.google.android.gms:play-services-location:16.0.0] AndroidManifest.xml:7:5-20
MERGED from [com.google.android.gms:play-services-maps:16.0.0] AndroidManifest.xml:30:5-20
MERGED from [com.google.android.gms:play-services-maps:16.0.0] AndroidManifest.xml:30:5-20
MERGED from [:annca] AndroidManifest.xml:13:5-16:19
MERGED from [:annca] AndroidManifest.xml:13:5-16:19
MERGED from [com.crashlytics.sdk.android:crashlytics-core:2.7.0] AndroidManifest.xml:54:5-20
MERGED from [com.crashlytics.sdk.android:crashlytics-core:2.7.0] AndroidManifest.xml:54:5-20
MERGED from [com.crashlytics.sdk.android:beta:1.2.10] AndroidManifest.xml:11:5-20
MERGED from [com.crashlytics.sdk.android:beta:1.2.10] AndroidManifest.xml:11:5-20
MERGED from [com.crashlytics.sdk.android:answers:1.4.7] AndroidManifest.xml:11:5-20
MERGED from [com.crashlytics.sdk.android:answers:1.4.7] AndroidManifest.xml:11:5-20
MERGED from [io.fabric.sdk.android:fabric:1.4.8] AndroidManifest.xml:31:5-20
MERGED from [io.fabric.sdk.android:fabric:1.4.8] AndroidManifest.xml:31:5-20
MERGED from [com.google.firebase:firebase-measurement-connector-impl:17.0.3] AndroidManifest.xml:26:5-32:19
MERGED from [com.google.firebase:firebase-measurement-connector-impl:17.0.3] AndroidManifest.xml:26:5-32:19
MERGED from [com.google.firebase:firebase-analytics:16.0.5] AndroidManifest.xml:28:5-53:19
MERGED from [com.google.firebase:firebase-analytics:16.0.5] AndroidManifest.xml:28:5-53:19
MERGED from [com.google.android.gms:play-services-measurement-api:16.0.3] AndroidManifest.xml:22:5-23:19
MERGED from [com.google.android.gms:play-services-measurement-api:16.0.3] AndroidManifest.xml:22:5-23:19
MERGED from [com.google.firebase:firebase-analytics-impl:16.2.3] AndroidManifest.xml:28:5-38:19
MERGED from [com.google.firebase:firebase-analytics-impl:16.2.3] AndroidManifest.xml:28:5-38:19
MERGED from [com.google.firebase:firebase-iid:17.0.3] AndroidManifest.xml:28:5-57:19
MERGED from [com.google.firebase:firebase-iid:17.0.3] AndroidManifest.xml:28:5-57:19
MERGED from [com.google.firebase:firebase-iid-interop:16.0.1] AndroidManifest.xml:7:5-8:19
MERGED from [com.google.firebase:firebase-iid-interop:16.0.1] AndroidManifest.xml:7:5-8:19
MERGED from [com.google.android.gms:play-services-base:16.0.1] AndroidManifest.xml:22:5-27:19
MERGED from [com.google.android.gms:play-services-base:16.0.1] AndroidManifest.xml:22:5-27:19
MERGED from [com.google.android.gms:play-services-places-placereport:16.0.0] AndroidManifest.xml:22:5-20
MERGED from [com.google.android.gms:play-services-places-placereport:16.0.0] AndroidManifest.xml:22:5-20
MERGED from [com.google.firebase:firebase-common:16.0.3] AndroidManifest.xml:9:5-15:19
MERGED from [com.google.firebase:firebase-common:16.0.3] AndroidManifest.xml:9:5-15:19
MERGED from [com.google.android.gms:play-services-tasks:16.0.1] AndroidManifest.xml:7:5-20
MERGED from [com.google.android.gms:play-services-tasks:16.0.1] AndroidManifest.xml:7:5-20
MERGED from [com.google.android.gms:play-services-measurement-base:16.0.4] AndroidManifest.xml:7:5-20
MERGED from [com.google.android.gms:play-services-measurement-base:16.0.4] AndroidManifest.xml:7:5-20
MERGED from [com.google.android.gms:play-services-stats:16.0.1] AndroidManifest.xml:7:5-20
MERGED from [com.google.android.gms:play-services-stats:16.0.1] AndroidManifest.xml:7:5-20
MERGED from [com.google.firebase:firebase-measurement-connector:17.0.1] AndroidManifest.xml:22:5-23:19
MERGED from [com.google.firebase:firebase-measurement-connector:17.0.1] AndroidManifest.xml:22:5-23:19
MERGED from [com.google.android.gms:play-services-ads-identifier:16.0.0] AndroidManifest.xml:22:5-20
MERGED from [com.google.android.gms:play-services-ads-identifier:16.0.0] AndroidManifest.xml:22:5-20
MERGED from [com.google.android.gms:play-services-basement:16.0.1] AndroidManifest.xml:22:5-26:19
MERGED from [com.google.android.gms:play-services-basement:16.0.1] AndroidManifest.xml:22:5-26:19
MERGED from [com.android.support:support-v4:26.1.0] AndroidManifest.xml:25:5-29:19
MERGED from [com.android.support:support-v4:26.1.0] AndroidManifest.xml:25:5-29:19
MERGED from [com.android.support:support-media-compat:26.1.0] AndroidManifest.xml:25:5-29:19
MERGED from [com.android.support:support-media-compat:26.1.0] AndroidManifest.xml:25:5-29:19
MERGED from [com.android.support:support-compat:28.0.0] AndroidManifest.xml:22:5-94
MERGED from [com.android.support:support-compat:28.0.0] AndroidManifest.xml:22:5-94
MERGED from [com.android.support:versionedparcelable:28.0.0] AndroidManifest.xml:22:5-23:19
MERGED from [com.android.support:versionedparcelable:28.0.0] AndroidManifest.xml:22:5-23:19
	android:appComponentFactory
		ADDED from [com.android.support:support-compat:28.0.0] AndroidManifest.xml:22:18-91
	android:supportsRtl
		ADDED from src\main\AndroidManifest.xml:30:9-35
	android:label
		ADDED from src\main\AndroidManifest.xml:28:9-41
	android:largeHeap
		ADDED from src\main\AndroidManifest.xml:29:9-33
	android:icon
		ADDED from src\main\AndroidManifest.xml:27:9-38
	android:allowBackup
		ADDED from src\main\AndroidManifest.xml:26:9-35
	android:theme
		ADDED from src\main\AndroidManifest.xml:31:9-40
	android:usesCleartextTraffic
		ADDED from src\main\AndroidManifest.xml:32:9-44
	android:name
		ADDED from src\main\AndroidManifest.xml:25:9-56
activity#com.cpm.gsk_mt.LoginActivity
ADDED from src\main\AndroidManifest.xml:33:9-42:20
	android:screenOrientation
		ADDED from src\main\AndroidManifest.xml:36:13-49
	android:label
		ADDED from src\main\AndroidManifest.xml:35:13-45
	android:name
		ADDED from src\main\AndroidManifest.xml:34:13-56
intent-filter#action:name:android.intent.action.MAIN+category:name:android.intent.category.LAUNCHER
ADDED from src\main\AndroidManifest.xml:37:13-41:29
action#android.intent.action.MAIN
ADDED from src\main\AndroidManifest.xml:38:17-69
	android:name
		ADDED from src\main\AndroidManifest.xml:38:25-66
category#android.intent.category.LAUNCHER
ADDED from src\main\AndroidManifest.xml:40:17-77
	android:name
		ADDED from src\main\AndroidManifest.xml:40:27-74
activity#com.cpm.gsk_mt.MainMenuActivity
ADDED from src\main\AndroidManifest.xml:43:9-46:52
	android:screenOrientation
		ADDED from src\main\AndroidManifest.xml:46:13-49
	android:configChanges
		ADDED from src\main\AndroidManifest.xml:45:13-74
	android:name
		ADDED from src\main\AndroidManifest.xml:44:13-59
activity#com.cpm.CompleteDownload.CompleteDownloadActivity
ADDED from src\main\AndroidManifest.xml:47:9-50:52
	android:screenOrientation
		ADDED from src\main\AndroidManifest.xml:50:13-49
	android:configChanges
		ADDED from src\main\AndroidManifest.xml:49:13-74
	android:name
		ADDED from src\main\AndroidManifest.xml:48:13-77
activity#com.cpm.DailyEntry.CopyOfStorelistActivity
ADDED from src\main\AndroidManifest.xml:51:9-54:52
	android:screenOrientation
		ADDED from src\main\AndroidManifest.xml:54:13-49
	android:configChanges
		ADDED from src\main\AndroidManifest.xml:53:13-74
	android:name
		ADDED from src\main\AndroidManifest.xml:52:13-70
activity#com.cpm.DailyEntry.StoreInformationActivity
ADDED from src\main\AndroidManifest.xml:55:9-58:52
	android:screenOrientation
		ADDED from src\main\AndroidManifest.xml:58:13-49
	android:configChanges
		ADDED from src\main\AndroidManifest.xml:57:13-74
	android:name
		ADDED from src\main\AndroidManifest.xml:56:13-71
activity#com.cpm.geotagging.LocationActivity
ADDED from src\main\AndroidManifest.xml:59:9-62:52
	android:screenOrientation
		ADDED from src\main\AndroidManifest.xml:62:13-49
	android:configChanges
		ADDED from src\main\AndroidManifest.xml:61:13-74
	android:name
		ADDED from src\main\AndroidManifest.xml:60:13-63
activity#com.cpm.DailyEntry.StoreVisitedActivity
ADDED from src\main\AndroidManifest.xml:63:9-66:52
	android:screenOrientation
		ADDED from src\main\AndroidManifest.xml:66:13-49
	android:configChanges
		ADDED from src\main\AndroidManifest.xml:65:13-74
	android:name
		ADDED from src\main\AndroidManifest.xml:64:13-67
activity#com.cpm.DailyEntry.StorevisitedYesMenu
ADDED from src\main\AndroidManifest.xml:67:9-70:52
	android:screenOrientation
		ADDED from src\main\AndroidManifest.xml:70:13-49
	android:configChanges
		ADDED from src\main\AndroidManifest.xml:69:13-74
	android:name
		ADDED from src\main\AndroidManifest.xml:68:13-66
activity#com.cpm.DailyEntry.CopyOfStorevisitedYesMenu
ADDED from src\main\AndroidManifest.xml:71:9-74:52
	android:screenOrientation
		ADDED from src\main\AndroidManifest.xml:74:13-49
	android:configChanges
		ADDED from src\main\AndroidManifest.xml:73:13-74
	android:name
		ADDED from src\main\AndroidManifest.xml:72:13-72
activity#com.cpm.DailyEntry.DailyEntryMainMenu
ADDED from src\main\AndroidManifest.xml:75:9-78:52
	android:screenOrientation
		ADDED from src\main\AndroidManifest.xml:78:13-49
	android:configChanges
		ADDED from src\main\AndroidManifest.xml:77:13-74
	android:name
		ADDED from src\main\AndroidManifest.xml:76:13-65
activity#com.cpm.DailyEntry.NonWorkingActivity
ADDED from src\main\AndroidManifest.xml:79:9-83:58
	android:screenOrientation
		ADDED from src\main\AndroidManifest.xml:82:13-49
	android:windowSoftInputMode
		ADDED from src\main\AndroidManifest.xml:83:13-55
	android:configChanges
		ADDED from src\main\AndroidManifest.xml:81:13-74
	android:name
		ADDED from src\main\AndroidManifest.xml:80:13-65
activity#com.cpm.autoupdate.AutoupdateActivity
ADDED from src\main\AndroidManifest.xml:84:9-88:58
	android:screenOrientation
		ADDED from src\main\AndroidManifest.xml:87:13-49
	android:windowSoftInputMode
		ADDED from src\main\AndroidManifest.xml:88:13-55
	android:configChanges
		ADDED from src\main\AndroidManifest.xml:86:13-74
	android:name
		ADDED from src\main\AndroidManifest.xml:85:13-65
activity#com.cpm.DailyEntry.AfterStockActivity
ADDED from src\main\AndroidManifest.xml:89:9-93:68
	android:screenOrientation
		ADDED from src\main\AndroidManifest.xml:92:13-49
	android:windowSoftInputMode
		ADDED from src\main\AndroidManifest.xml:93:13-65
	android:configChanges
		ADDED from src\main\AndroidManifest.xml:91:13-74
	android:name
		ADDED from src\main\AndroidManifest.xml:90:13-65
activity#com.cpm.DailyEntry.BeforeTOT
ADDED from src\main\AndroidManifest.xml:94:9-98:68
	android:screenOrientation
		ADDED from src\main\AndroidManifest.xml:97:13-49
	android:windowSoftInputMode
		ADDED from src\main\AndroidManifest.xml:98:13-65
	android:configChanges
		ADDED from src\main\AndroidManifest.xml:96:13-74
	android:name
		ADDED from src\main\AndroidManifest.xml:95:13-56
activity#com.cpm.DailyEntry.TOTstock_Activity
ADDED from src\main\AndroidManifest.xml:99:9-103:68
	android:screenOrientation
		ADDED from src\main\AndroidManifest.xml:102:13-49
	android:windowSoftInputMode
		ADDED from src\main\AndroidManifest.xml:103:13-65
	android:configChanges
		ADDED from src\main\AndroidManifest.xml:101:13-74
	android:name
		ADDED from src\main\AndroidManifest.xml:100:13-64
activity#com.cpm.DailyEntry.Sales
ADDED from src\main\AndroidManifest.xml:104:9-108:68
	android:screenOrientation
		ADDED from src\main\AndroidManifest.xml:107:13-49
	android:windowSoftInputMode
		ADDED from src\main\AndroidManifest.xml:108:13-65
	android:configChanges
		ADDED from src\main\AndroidManifest.xml:106:13-74
	android:name
		ADDED from src\main\AndroidManifest.xml:105:13-52
activity#com.cpm.DailyEntry.CompetitionTracking
ADDED from src\main\AndroidManifest.xml:109:9-113:58
	android:screenOrientation
		ADDED from src\main\AndroidManifest.xml:112:13-49
	android:windowSoftInputMode
		ADDED from src\main\AndroidManifest.xml:113:13-55
	android:configChanges
		ADDED from src\main\AndroidManifest.xml:111:13-59
	android:name
		ADDED from src\main\AndroidManifest.xml:110:13-66
activity#com.cpm.DailyEntry.BeforeStock
ADDED from src\main\AndroidManifest.xml:114:9-118:55
	android:screenOrientation
		ADDED from src\main\AndroidManifest.xml:117:13-49
	android:windowSoftInputMode
		ADDED from src\main\AndroidManifest.xml:118:13-52
	android:configChanges
		ADDED from src\main\AndroidManifest.xml:116:13-74
	android:name
		ADDED from src\main\AndroidManifest.xml:115:13-58
activity#com.cpm.DailyEntry.StockwareHouse
ADDED from src\main\AndroidManifest.xml:119:9-123:55
	android:screenOrientation
		ADDED from src\main\AndroidManifest.xml:122:13-49
	android:windowSoftInputMode
		ADDED from src\main\AndroidManifest.xml:123:13-52
	android:configChanges
		ADDED from src\main\AndroidManifest.xml:121:13-74
	android:name
		ADDED from src\main\AndroidManifest.xml:120:13-61
activity#com.cpm.DailyEntry.AfterTOT
ADDED from src\main\AndroidManifest.xml:124:9-128:55
	android:screenOrientation
		ADDED from src\main\AndroidManifest.xml:127:13-49
	android:windowSoftInputMode
		ADDED from src\main\AndroidManifest.xml:128:13-52
	android:configChanges
		ADDED from src\main\AndroidManifest.xml:126:13-74
	android:name
		ADDED from src\main\AndroidManifest.xml:125:13-55
activity#com.cpm.DailyEntry.BeforeAdditionalDisplay
ADDED from src\main\AndroidManifest.xml:129:9-132:52
	android:screenOrientation
		ADDED from src\main\AndroidManifest.xml:132:13-49
	android:configChanges
		ADDED from src\main\AndroidManifest.xml:131:13-74
	android:name
		ADDED from src\main\AndroidManifest.xml:130:13-70
activity#com.cpm.DailyEntry.StoreWisePerformance
ADDED from src\main\AndroidManifest.xml:133:9-136:52
	android:screenOrientation
		ADDED from src\main\AndroidManifest.xml:136:13-49
	android:configChanges
		ADDED from src\main\AndroidManifest.xml:135:13-74
	android:name
		ADDED from src\main\AndroidManifest.xml:134:13-67
activity#com.cpm.DailyEntry.CategoryWisePerformance
ADDED from src\main\AndroidManifest.xml:137:9-140:52
	android:screenOrientation
		ADDED from src\main\AndroidManifest.xml:140:13-49
	android:configChanges
		ADDED from src\main\AndroidManifest.xml:139:13-74
	android:name
		ADDED from src\main\AndroidManifest.xml:138:13-70
activity#com.cpm.DailyEntry.PromoCompliance
ADDED from src\main\AndroidManifest.xml:141:9-145:68
	android:screenOrientation
		ADDED from src\main\AndroidManifest.xml:144:13-49
	android:windowSoftInputMode
		ADDED from src\main\AndroidManifest.xml:145:13-65
	android:configChanges
		ADDED from src\main\AndroidManifest.xml:143:13-74
	android:name
		ADDED from src\main\AndroidManifest.xml:142:13-62
activity#com.cpm.DailyEntry.CheckOutStoreActivity
ADDED from src\main\AndroidManifest.xml:146:9-149:52
	android:screenOrientation
		ADDED from src\main\AndroidManifest.xml:149:13-49
	android:configChanges
		ADDED from src\main\AndroidManifest.xml:148:13-74
	android:name
		ADDED from src\main\AndroidManifest.xml:147:13-68
activity#com.cpm.upload.UploadOptionActivity
ADDED from src\main\AndroidManifest.xml:150:9-153:52
	android:screenOrientation
		ADDED from src\main\AndroidManifest.xml:153:13-49
	android:configChanges
		ADDED from src\main\AndroidManifest.xml:152:13-74
	android:name
		ADDED from src\main\AndroidManifest.xml:151:13-63
activity#com.cpm.upload.UploadDataActivity
ADDED from src\main\AndroidManifest.xml:154:9-157:52
	android:screenOrientation
		ADDED from src\main\AndroidManifest.xml:157:13-49
	android:configChanges
		ADDED from src\main\AndroidManifest.xml:156:13-74
	android:name
		ADDED from src\main\AndroidManifest.xml:155:13-61
activity#com.cpm.upload.UploadImageActivity
ADDED from src\main\AndroidManifest.xml:158:9-161:52
	android:screenOrientation
		ADDED from src\main\AndroidManifest.xml:161:13-49
	android:configChanges
		ADDED from src\main\AndroidManifest.xml:160:13-74
	android:name
		ADDED from src\main\AndroidManifest.xml:159:13-62
activity#com.cpm.upload.ImageUploadActivity
ADDED from src\main\AndroidManifest.xml:162:9-165:52
	android:screenOrientation
		ADDED from src\main\AndroidManifest.xml:165:13-49
	android:configChanges
		ADDED from src\main\AndroidManifest.xml:164:13-74
	android:name
		ADDED from src\main\AndroidManifest.xml:163:13-62
activity#com.cpm.geotagging.GeoTagging
ADDED from src\main\AndroidManifest.xml:166:9-169:52
	android:screenOrientation
		ADDED from src\main\AndroidManifest.xml:169:13-49
	android:configChanges
		ADDED from src\main\AndroidManifest.xml:168:13-74
	android:name
		ADDED from src\main\AndroidManifest.xml:167:13-57
uses-library#com.google.android.maps
ADDED from src\main\AndroidManifest.xml:171:9-64
	android:name
		ADDED from src\main\AndroidManifest.xml:171:23-61
meta-data#com.google.android.maps.v2.API_KEY
ADDED from src\main\AndroidManifest.xml:176:9-178:71
	android:value
		ADDED from src\main\AndroidManifest.xml:178:13-68
	android:name
		ADDED from src\main\AndroidManifest.xml:177:13-62
meta-data#com.google.android.gms.version
ADDED from src\main\AndroidManifest.xml:180:9-182:69
MERGED from [com.google.android.gms:play-services-basement:16.0.1] AndroidManifest.xml:23:9-25:69